[debug] [2022-09-14T18:31:48.685Z] ----------------------------------------------------------------------
[debug] [2022-09-14T18:31:48.689Z] Command:       C:\Program Files\nodejs\node.exe C:\Users\suman\AppData\Roaming\npm\node_modules\firebase-tools\lib\bin\firebase.js deploy
[debug] [2022-09-14T18:31:48.690Z] CLI Version:   11.9.0
[debug] [2022-09-14T18:31:48.690Z] Platform:      win32
[debug] [2022-09-14T18:31:48.691Z] Node Version:  v16.17.0
[debug] [2022-09-14T18:31:48.692Z] Time:          Thu Sep 15 2022 00:01:48 GMT+0530 (India Standard Time)
[debug] [2022-09-14T18:31:48.693Z] ----------------------------------------------------------------------
[debug] 
[debug] [2022-09-14T18:31:48.806Z] > command requires scopes: ["email","openid","https://www.googleapis.com/auth/cloudplatformprojects.readonly","https://www.googleapis.com/auth/firebase","https://www.googleapis.com/auth/cloud-platform"]
[debug] [2022-09-14T18:31:48.807Z] > authorizing via signed-in user (sumanthdarisi@gmail.com)
[debug] [2022-09-14T18:31:48.807Z] [iam] checking project sumanthdarisiprofile for permissions ["firebase.projects.get","firebasehosting.sites.update"]
[debug] [2022-09-14T18:31:48.809Z] > refreshing access token with scopes: []
[debug] [2022-09-14T18:31:48.813Z] >>> [apiv2][query] POST https://www.googleapis.com/oauth2/v3/token [none]
[debug] [2022-09-14T18:31:48.813Z] >>> [apiv2][body] POST https://www.googleapis.com/oauth2/v3/token [omitted]
[debug] [2022-09-14T18:31:49.312Z] <<< [apiv2][status] POST https://www.googleapis.com/oauth2/v3/token 400
[debug] [2022-09-14T18:31:49.313Z] <<< [apiv2][body] POST https://www.googleapis.com/oauth2/v3/token [omitted]
[debug] [2022-09-14T18:31:49.314Z] >>> [apiv2][query] POST https://cloudresourcemanager.googleapis.com/v1/projects/sumanthdarisiprofile:testIamPermissions [none]
[debug] [2022-09-14T18:31:49.314Z] >>> [apiv2][(partial)header] POST https://cloudresourcemanager.googleapis.com/v1/projects/sumanthdarisiprofile:testIamPermissions x-goog-quota-user=projects/sumanthdarisiprofile
[debug] [2022-09-14T18:31:49.314Z] >>> [apiv2][body] POST https://cloudresourcemanager.googleapis.com/v1/projects/sumanthdarisiprofile:testIamPermissions {"permissions":["firebase.projects.get","firebasehosting.sites.update"]}
[debug] [2022-09-14T18:31:50.718Z] <<< [apiv2][status] POST https://cloudresourcemanager.googleapis.com/v1/projects/sumanthdarisiprofile:testIamPermissions 401
[debug] [2022-09-14T18:31:50.718Z] <<< [apiv2][body] POST https://cloudresourcemanager.googleapis.com/v1/projects/sumanthdarisiprofile:testIamPermissions {"error":{"code":401,"message":"Request had invalid authentication credentials. Expected OAuth 2 access token, login cookie or other valid authentication credential. See https://developers.google.com/identity/sign-in/web/devconsole-project.","status":"UNAUTHENTICATED","details":[{"@type":"type.googleapis.com/google.rpc.ErrorInfo","reason":"ACCESS_TOKEN_TYPE_UNSUPPORTED","metadata":{"method":"google.cloudresourcemanager.v1.Projects.TestIamPermissions","service":"cloudresourcemanager.googleapis.com"}}]}}
[debug] [2022-09-14T18:31:50.720Z] [iam] error while checking permissions, command may fail: FirebaseError: HTTP Error: 401, Request had invalid authentication credentials. Expected OAuth 2 access token, login cookie or other valid authentication credential. See https://developers.google.com/identity/sign-in/web/devconsole-project.
[debug] [2022-09-14T18:31:50.721Z] > refreshing access token with scopes: []
[debug] [2022-09-14T18:31:50.721Z] >>> [apiv2][query] POST https://www.googleapis.com/oauth2/v3/token [none]
[debug] [2022-09-14T18:31:50.721Z] >>> [apiv2][body] POST https://www.googleapis.com/oauth2/v3/token [omitted]
[debug] [2022-09-14T18:31:51.158Z] <<< [apiv2][status] POST https://www.googleapis.com/oauth2/v3/token 400
[debug] [2022-09-14T18:31:51.158Z] <<< [apiv2][body] POST https://www.googleapis.com/oauth2/v3/token [omitted]
[debug] [2022-09-14T18:31:51.159Z] >>> [apiv2][query] GET https://firebase.googleapis.com/v1beta1/projects/sumanthdarisiprofile [none]
[debug] [2022-09-14T18:31:51.798Z] <<< [apiv2][status] GET https://firebase.googleapis.com/v1beta1/projects/sumanthdarisiprofile 401
[debug] [2022-09-14T18:31:51.798Z] <<< [apiv2][body] GET https://firebase.googleapis.com/v1beta1/projects/sumanthdarisiprofile {"error":{"code":401,"message":"Request had invalid authentication credentials. Expected OAuth 2 access token, login cookie or other valid authentication credential. See https://developers.google.com/identity/sign-in/web/devconsole-project.","status":"UNAUTHENTICATED"}}
[debug] [2022-09-14T18:31:51.799Z] HTTP Error: 401, Request had invalid authentication credentials. Expected OAuth 2 access token, login cookie or other valid authentication credential. See https://developers.google.com/identity/sign-in/web/devconsole-project.
[debug] [2022-09-14T18:31:51.924Z] FirebaseError: HTTP Error: 401, Request had invalid authentication credentials. Expected OAuth 2 access token, login cookie or other valid authentication credential. See https://developers.google.com/identity/sign-in/web/devconsole-project.
    at responseToError (C:\Users\suman\AppData\Roaming\npm\node_modules\firebase-tools\lib\responseToError.js:49:12)
    at RetryOperation._fn (C:\Users\suman\AppData\Roaming\npm\node_modules\firebase-tools\lib\apiv2.js:288:77)
    at processTicksAndRejections (node:internal/process/task_queues:96:5)
[error] 
[error] Error: Failed to get Firebase project sumanthdarisiprofile. Please make sure the project exists and your account has permission to access it.
[debug] [2022-09-14T18:35:08.695Z] ----------------------------------------------------------------------
[debug] [2022-09-14T18:35:08.700Z] Command:       C:\Program Files\nodejs\node.exe C:\Users\suman\AppData\Roaming\npm\node_modules\firebase-tools\lib\bin\firebase.js deploy
[debug] [2022-09-14T18:35:08.701Z] CLI Version:   11.9.0
[debug] [2022-09-14T18:35:08.701Z] Platform:      win32
[debug] [2022-09-14T18:35:08.701Z] Node Version:  v16.17.0
[debug] [2022-09-14T18:35:08.703Z] Time:          Thu Sep 15 2022 00:05:08 GMT+0530 (India Standard Time)
[debug] [2022-09-14T18:35:08.704Z] ----------------------------------------------------------------------
[debug] 
[debug] [2022-09-14T18:35:08.860Z] > command requires scopes: ["email","openid","https://www.googleapis.com/auth/cloudplatformprojects.readonly","https://www.googleapis.com/auth/firebase","https://www.googleapis.com/auth/cloud-platform"]
[debug] [2022-09-14T18:35:08.861Z] > authorizing via signed-in user (sumanthdarisi@gmail.com)
[debug] [2022-09-14T18:35:08.861Z] [iam] checking project sumanthdarisiprofile for permissions ["firebase.projects.get","firebasehosting.sites.update"]
[debug] [2022-09-14T18:35:08.864Z] > refreshing access token with scopes: []
[debug] [2022-09-14T18:35:08.867Z] >>> [apiv2][query] POST https://www.googleapis.com/oauth2/v3/token [none]
[debug] [2022-09-14T18:35:08.868Z] >>> [apiv2][body] POST https://www.googleapis.com/oauth2/v3/token [omitted]
[debug] [2022-09-14T18:35:10.675Z] <<< [apiv2][status] POST https://www.googleapis.com/oauth2/v3/token 400
[debug] [2022-09-14T18:35:10.675Z] <<< [apiv2][body] POST https://www.googleapis.com/oauth2/v3/token [omitted]
[debug] [2022-09-14T18:35:10.676Z] >>> [apiv2][query] POST https://cloudresourcemanager.googleapis.com/v1/projects/sumanthdarisiprofile:testIamPermissions [none]
[debug] [2022-09-14T18:35:10.676Z] >>> [apiv2][(partial)header] POST https://cloudresourcemanager.googleapis.com/v1/projects/sumanthdarisiprofile:testIamPermissions x-goog-quota-user=projects/sumanthdarisiprofile
[debug] [2022-09-14T18:35:10.676Z] >>> [apiv2][body] POST https://cloudresourcemanager.googleapis.com/v1/projects/sumanthdarisiprofile:testIamPermissions {"permissions":["firebase.projects.get","firebasehosting.sites.update"]}
[debug] [2022-09-14T18:35:13.914Z] <<< [apiv2][status] POST https://cloudresourcemanager.googleapis.com/v1/projects/sumanthdarisiprofile:testIamPermissions 401
[debug] [2022-09-14T18:35:13.914Z] <<< [apiv2][body] POST https://cloudresourcemanager.googleapis.com/v1/projects/sumanthdarisiprofile:testIamPermissions {"error":{"code":401,"message":"Request had invalid authentication credentials. Expected OAuth 2 access token, login cookie or other valid authentication credential. See https://developers.google.com/identity/sign-in/web/devconsole-project.","status":"UNAUTHENTICATED","details":[{"@type":"type.googleapis.com/google.rpc.ErrorInfo","reason":"ACCESS_TOKEN_TYPE_UNSUPPORTED","metadata":{"service":"cloudresourcemanager.googleapis.com","method":"google.cloudresourcemanager.v1.Projects.TestIamPermissions"}}]}}
[debug] [2022-09-14T18:35:13.916Z] [iam] error while checking permissions, command may fail: FirebaseError: HTTP Error: 401, Request had invalid authentication credentials. Expected OAuth 2 access token, login cookie or other valid authentication credential. See https://developers.google.com/identity/sign-in/web/devconsole-project.
[debug] [2022-09-14T18:35:13.916Z] > refreshing access token with scopes: []
[debug] [2022-09-14T18:35:13.917Z] >>> [apiv2][query] POST https://www.googleapis.com/oauth2/v3/token [none]
[debug] [2022-09-14T18:35:13.917Z] >>> [apiv2][body] POST https://www.googleapis.com/oauth2/v3/token [omitted]
[debug] [2022-09-14T18:35:15.890Z] <<< [apiv2][status] POST https://www.googleapis.com/oauth2/v3/token 400
[debug] [2022-09-14T18:35:15.890Z] <<< [apiv2][body] POST https://www.googleapis.com/oauth2/v3/token [omitted]
[debug] [2022-09-14T18:35:15.892Z] >>> [apiv2][query] GET https://firebase.googleapis.com/v1beta1/projects/sumanthdarisiprofile [none]
[debug] [2022-09-14T18:35:16.942Z] <<< [apiv2][status] GET https://firebase.googleapis.com/v1beta1/projects/sumanthdarisiprofile 401
[debug] [2022-09-14T18:35:16.942Z] <<< [apiv2][body] GET https://firebase.googleapis.com/v1beta1/projects/sumanthdarisiprofile {"error":{"code":401,"message":"Request had invalid authentication credentials. Expected OAuth 2 access token, login cookie or other valid authentication credential. See https://developers.google.com/identity/sign-in/web/devconsole-project.","status":"UNAUTHENTICATED"}}
[debug] [2022-09-14T18:35:16.943Z] HTTP Error: 401, Request had invalid authentication credentials. Expected OAuth 2 access token, login cookie or other valid authentication credential. See https://developers.google.com/identity/sign-in/web/devconsole-project.
[debug] [2022-09-14T18:35:20.190Z] FirebaseError: HTTP Error: 401, Request had invalid authentication credentials. Expected OAuth 2 access token, login cookie or other valid authentication credential. See https://developers.google.com/identity/sign-in/web/devconsole-project.
    at responseToError (C:\Users\suman\AppData\Roaming\npm\node_modules\firebase-tools\lib\responseToError.js:49:12)
    at RetryOperation._fn (C:\Users\suman\AppData\Roaming\npm\node_modules\firebase-tools\lib\apiv2.js:288:77)
    at processTicksAndRejections (node:internal/process/task_queues:96:5)
[error] 
[error] Error: Failed to get Firebase project sumanthdarisiprofile. Please make sure the project exists and your account has permission to access it.
[debug] [2024-03-16T05:32:11.466Z] ----------------------------------------------------------------------
[debug] [2024-03-16T05:32:11.469Z] Command:       C:\Program Files\nodejs\node.exe C:\Users\suman\AppData\Roaming\npm\node_modules\firebase-tools\lib\bin\firebase.js deploy
[debug] [2024-03-16T05:32:11.469Z] CLI Version:   11.9.0
[debug] [2024-03-16T05:32:11.469Z] Platform:      win32
[debug] [2024-03-16T05:32:11.470Z] Node Version:  v16.17.0
[debug] [2024-03-16T05:32:11.475Z] Time:          Sat Mar 16 2024 11:02:11 GMT+0530 (India Standard Time)
[debug] [2024-03-16T05:32:11.476Z] ----------------------------------------------------------------------
[debug] 
[debug] [2024-03-16T05:32:11.480Z] >>> [apiv2][query] GET https://firebase-public.firebaseio.com/cli.json [none]
[debug] [2024-03-16T05:32:11.633Z] > command requires scopes: ["email","openid","https://www.googleapis.com/auth/cloudplatformprojects.readonly","https://www.googleapis.com/auth/firebase","https://www.googleapis.com/auth/cloud-platform"]
[debug] [2024-03-16T05:32:11.634Z] > authorizing via signed-in user (sumanthdarisi@gmail.com)
[debug] [2024-03-16T05:32:11.634Z] [iam] checking project sumanthdarisiprofile for permissions ["firebase.projects.get","firebasehosting.sites.update"]
[debug] [2024-03-16T05:32:11.636Z] > refreshing access token with scopes: []
[debug] [2024-03-16T05:32:11.638Z] >>> [apiv2][query] POST https://www.googleapis.com/oauth2/v3/token [none]
[debug] [2024-03-16T05:32:11.639Z] >>> [apiv2][body] POST https://www.googleapis.com/oauth2/v3/token [omitted]
[debug] [2024-03-16T05:32:12.004Z] <<< [apiv2][status] POST https://www.googleapis.com/oauth2/v3/token 400
[debug] [2024-03-16T05:32:12.005Z] <<< [apiv2][body] POST https://www.googleapis.com/oauth2/v3/token [omitted]
[debug] [2024-03-16T05:32:12.008Z] >>> [apiv2][query] POST https://cloudresourcemanager.googleapis.com/v1/projects/sumanthdarisiprofile:testIamPermissions [none]
[debug] [2024-03-16T05:32:12.009Z] >>> [apiv2][(partial)header] POST https://cloudresourcemanager.googleapis.com/v1/projects/sumanthdarisiprofile:testIamPermissions x-goog-quota-user=projects/sumanthdarisiprofile
[debug] [2024-03-16T05:32:12.012Z] >>> [apiv2][body] POST https://cloudresourcemanager.googleapis.com/v1/projects/sumanthdarisiprofile:testIamPermissions {"permissions":["firebase.projects.get","firebasehosting.sites.update"]}
[debug] [2024-03-16T05:32:12.442Z] <<< [apiv2][status] GET https://firebase-public.firebaseio.com/cli.json 200
[debug] [2024-03-16T05:32:12.442Z] <<< [apiv2][body] GET https://firebase-public.firebaseio.com/cli.json {"cloudBuildErrorAfter":1594252800000,"cloudBuildWarnAfter":1590019200000,"defaultNode10After":1594252800000,"minVersion":"3.0.5","node8DeploysDisabledAfter":1613390400000,"node8RuntimeDisabledAfter":1615809600000,"node8WarnAfter":1600128000000}
[debug] [2024-03-16T05:32:13.267Z] <<< [apiv2][status] POST https://cloudresourcemanager.googleapis.com/v1/projects/sumanthdarisiprofile:testIamPermissions 401
[debug] [2024-03-16T05:32:13.268Z] <<< [apiv2][body] POST https://cloudresourcemanager.googleapis.com/v1/projects/sumanthdarisiprofile:testIamPermissions {"error":{"code":401,"message":"Request had invalid authentication credentials. Expected OAuth 2 access token, login cookie or other valid authentication credential. See https://developers.google.com/identity/sign-in/web/devconsole-project.","status":"UNAUTHENTICATED","details":[{"@type":"type.googleapis.com/google.rpc.ErrorInfo","reason":"ACCESS_TOKEN_TYPE_UNSUPPORTED","metadata":{"method":"google.cloudresourcemanager.v1.Projects.TestIamPermissions","service":"cloudresourcemanager.googleapis.com"}}]}}
[debug] [2024-03-16T05:32:13.272Z] [iam] error while checking permissions, command may fail: FirebaseError: HTTP Error: 401, Request had invalid authentication credentials. Expected OAuth 2 access token, login cookie or other valid authentication credential. See https://developers.google.com/identity/sign-in/web/devconsole-project.
[debug] [2024-03-16T05:32:13.273Z] > refreshing access token with scopes: []
[debug] [2024-03-16T05:32:13.275Z] >>> [apiv2][query] POST https://www.googleapis.com/oauth2/v3/token [none]
[debug] [2024-03-16T05:32:13.276Z] >>> [apiv2][body] POST https://www.googleapis.com/oauth2/v3/token [omitted]
[debug] [2024-03-16T05:32:13.446Z] <<< [apiv2][status] POST https://www.googleapis.com/oauth2/v3/token 400
[debug] [2024-03-16T05:32:13.446Z] <<< [apiv2][body] POST https://www.googleapis.com/oauth2/v3/token [omitted]
[debug] [2024-03-16T05:32:13.447Z] >>> [apiv2][query] GET https://firebase.googleapis.com/v1beta1/projects/sumanthdarisiprofile [none]
[debug] [2024-03-16T05:32:13.605Z] <<< [apiv2][status] GET https://firebase.googleapis.com/v1beta1/projects/sumanthdarisiprofile 401
[debug] [2024-03-16T05:32:13.605Z] <<< [apiv2][body] GET https://firebase.googleapis.com/v1beta1/projects/sumanthdarisiprofile {"error":{"code":401,"message":"Request had invalid authentication credentials. Expected OAuth 2 access token, login cookie or other valid authentication credential. See https://developers.google.com/identity/sign-in/web/devconsole-project.","status":"UNAUTHENTICATED"}}
[debug] [2024-03-16T05:32:13.606Z] HTTP Error: 401, Request had invalid authentication credentials. Expected OAuth 2 access token, login cookie or other valid authentication credential. See https://developers.google.com/identity/sign-in/web/devconsole-project.
[debug] [2024-03-16T05:32:13.741Z] FirebaseError: HTTP Error: 401, Request had invalid authentication credentials. Expected OAuth 2 access token, login cookie or other valid authentication credential. See https://developers.google.com/identity/sign-in/web/devconsole-project.
    at responseToError (C:\Users\suman\AppData\Roaming\npm\node_modules\firebase-tools\lib\responseToError.js:49:12)
    at RetryOperation._fn (C:\Users\suman\AppData\Roaming\npm\node_modules\firebase-tools\lib\apiv2.js:288:77)
    at processTicksAndRejections (node:internal/process/task_queues:96:5)
[error] 
[error] Error: Failed to get Firebase project sumanthdarisiprofile. Please make sure the project exists and your account has permission to access it.
[debug] [2024-03-16T05:32:27.737Z] ----------------------------------------------------------------------
[debug] [2024-03-16T05:32:27.741Z] Command:       C:\Program Files\nodejs\node.exe C:\Users\suman\AppData\Roaming\npm\node_modules\firebase-tools\lib\bin\firebase.js serve
[debug] [2024-03-16T05:32:27.741Z] CLI Version:   11.9.0
[debug] [2024-03-16T05:32:27.741Z] Platform:      win32
[debug] [2024-03-16T05:32:27.742Z] Node Version:  v16.17.0
[debug] [2024-03-16T05:32:27.743Z] Time:          Sat Mar 16 2024 11:02:27 GMT+0530 (India Standard Time)
[debug] [2024-03-16T05:32:27.743Z] ----------------------------------------------------------------------
[debug] 
[debug] [2024-03-16T05:32:27.890Z] > command requires scopes: ["email","openid","https://www.googleapis.com/auth/cloudplatformprojects.readonly","https://www.googleapis.com/auth/firebase","https://www.googleapis.com/auth/cloud-platform"]
[debug] [2024-03-16T05:32:27.890Z] > authorizing via signed-in user (sumanthdarisi@gmail.com)
[debug] [2024-03-16T05:32:27.891Z] [iam] checking project sumanthdarisiprofile for permissions ["firebase.projects.get"]
[debug] [2024-03-16T05:32:27.892Z] > refreshing access token with scopes: []
[debug] [2024-03-16T05:32:27.894Z] >>> [apiv2][query] POST https://www.googleapis.com/oauth2/v3/token [none]
[debug] [2024-03-16T05:32:27.894Z] >>> [apiv2][body] POST https://www.googleapis.com/oauth2/v3/token [omitted]
[debug] [2024-03-16T05:32:28.071Z] <<< [apiv2][status] POST https://www.googleapis.com/oauth2/v3/token 400
[debug] [2024-03-16T05:32:28.071Z] <<< [apiv2][body] POST https://www.googleapis.com/oauth2/v3/token [omitted]
[debug] [2024-03-16T05:32:28.071Z] >>> [apiv2][query] POST https://cloudresourcemanager.googleapis.com/v1/projects/sumanthdarisiprofile:testIamPermissions [none]
[debug] [2024-03-16T05:32:28.072Z] >>> [apiv2][(partial)header] POST https://cloudresourcemanager.googleapis.com/v1/projects/sumanthdarisiprofile:testIamPermissions x-goog-quota-user=projects/sumanthdarisiprofile
[debug] [2024-03-16T05:32:28.072Z] >>> [apiv2][body] POST https://cloudresourcemanager.googleapis.com/v1/projects/sumanthdarisiprofile:testIamPermissions {"permissions":["firebase.projects.get"]}
[debug] [2024-03-16T05:32:29.280Z] <<< [apiv2][status] POST https://cloudresourcemanager.googleapis.com/v1/projects/sumanthdarisiprofile:testIamPermissions 401
[debug] [2024-03-16T05:32:29.281Z] <<< [apiv2][body] POST https://cloudresourcemanager.googleapis.com/v1/projects/sumanthdarisiprofile:testIamPermissions {"error":{"code":401,"message":"Request had invalid authentication credentials. Expected OAuth 2 access token, login cookie or other valid authentication credential. See https://developers.google.com/identity/sign-in/web/devconsole-project.","status":"UNAUTHENTICATED","details":[{"@type":"type.googleapis.com/google.rpc.ErrorInfo","reason":"ACCESS_TOKEN_TYPE_UNSUPPORTED","metadata":{"method":"google.cloudresourcemanager.v1.Projects.TestIamPermissions","service":"cloudresourcemanager.googleapis.com"}}]}}
[debug] [2024-03-16T05:32:29.284Z] [iam] error while checking permissions, command may fail: FirebaseError: HTTP Error: 401, Request had invalid authentication credentials. Expected OAuth 2 access token, login cookie or other valid authentication credential. See https://developers.google.com/identity/sign-in/web/devconsole-project.
[debug] [2024-03-16T05:32:29.285Z] > refreshing access token with scopes: []
[debug] [2024-03-16T05:32:29.287Z] >>> [apiv2][query] POST https://www.googleapis.com/oauth2/v3/token [none]
[debug] [2024-03-16T05:32:29.287Z] >>> [apiv2][body] POST https://www.googleapis.com/oauth2/v3/token [omitted]
[debug] [2024-03-16T05:32:29.408Z] <<< [apiv2][status] POST https://www.googleapis.com/oauth2/v3/token 400
[debug] [2024-03-16T05:32:29.408Z] <<< [apiv2][body] POST https://www.googleapis.com/oauth2/v3/token [omitted]
[debug] [2024-03-16T05:32:29.410Z] >>> [apiv2][query] GET https://firebase.googleapis.com/v1beta1/projects/sumanthdarisiprofile [none]
[debug] [2024-03-16T05:32:29.560Z] <<< [apiv2][status] GET https://firebase.googleapis.com/v1beta1/projects/sumanthdarisiprofile 401
[debug] [2024-03-16T05:32:29.560Z] <<< [apiv2][body] GET https://firebase.googleapis.com/v1beta1/projects/sumanthdarisiprofile {"error":{"code":401,"message":"Request had invalid authentication credentials. Expected OAuth 2 access token, login cookie or other valid authentication credential. See https://developers.google.com/identity/sign-in/web/devconsole-project.","status":"UNAUTHENTICATED"}}
[debug] [2024-03-16T05:32:29.561Z] HTTP Error: 401, Request had invalid authentication credentials. Expected OAuth 2 access token, login cookie or other valid authentication credential. See https://developers.google.com/identity/sign-in/web/devconsole-project.
[debug] [2024-03-16T05:32:29.678Z] FirebaseError: HTTP Error: 401, Request had invalid authentication credentials. Expected OAuth 2 access token, login cookie or other valid authentication credential. See https://developers.google.com/identity/sign-in/web/devconsole-project.
    at responseToError (C:\Users\suman\AppData\Roaming\npm\node_modules\firebase-tools\lib\responseToError.js:49:12)
    at RetryOperation._fn (C:\Users\suman\AppData\Roaming\npm\node_modules\firebase-tools\lib\apiv2.js:288:77)
    at processTicksAndRejections (node:internal/process/task_queues:96:5)
[error] 
[error] Error: Failed to get Firebase project sumanthdarisiprofile. Please make sure the project exists and your account has permission to access it.
